app/build/intermediates/manifest_merge_blame_file/debug/manifest-merger-blame-debug-report.txt
1<?xml version="1.0" encoding="utf-8"?>
2<manifest xmlns:android="http://schemas.android.com/apk/res/android"
3    xmlns:dist="http://schemas.android.com/apk/distribution"
4    package="example.com.leafify"
5    android:versionCode="1"
6    android:versionName="1.0" >
7
8    <uses-sdk
9        android:minSdkVersion="19"
9-->src\main\AndroidManifest.xml
10        android:targetSdkVersion="30" />
10-->src\main\AndroidManifest.xml
11
12    <dist:module dist:instant="true" />
12-->src\main\AndroidManifest.xml:6:5-40
12-->src\main\AndroidManifest.xml:6:18-37
13
14    <application
14-->src\main\AndroidManifest.xml:8:5-32:19
15        android:allowBackup="true"
15-->src\main\AndroidManifest.xml:9:13-39
16        android:appComponentFactory="androidx.core.app.CoreComponentFactory"
16-->[androidx.core:core:1.5.0] AndroidManifest.xml:24:18-86
17        android:debuggable="true"
18        android:icon="@mipmap/icon1"
18-->src\main\AndroidManifest.xml:10:13-41
19        android:label="CropChecker"
19-->src\main\AndroidManifest.xml:11:13-40
20        android:roundIcon="@mipmap/icon1"
20-->src\main\AndroidManifest.xml:12:13-46
21        android:supportsRtl="true"
21-->src\main\AndroidManifest.xml:13:13-39
22        android:testOnly="true"
23        android:theme="@style/AppTheme" >
23-->src\main\AndroidManifest.xml:14:13-44
24        <activity
24-->src\main\AndroidManifest.xml:15:9-17:44
25            android:name="example.com.cropc.InformationActivity"
25-->src\main\AndroidManifest.xml:16:17-52
26            android:exported="false" />
26-->src\main\AndroidManifest.xml:17:17-41
27        <activity
27-->src\main\AndroidManifest.xml:18:9-20:44
28            android:name="example.com.cropc.MainActivity"
28-->src\main\AndroidManifest.xml:19:17-45
29            android:exported="false" />
29-->src\main\AndroidManifest.xml:20:17-41
30        <activity android:name="example.com.cropc.Homescreen" >
30-->src\main\AndroidManifest.xml:21:9-27:20
30-->src\main\AndroidManifest.xml:21:19-45
31            <intent-filter>
31-->src\main\AndroidManifest.xml:22:13-26:29
32                <action android:name="android.intent.action.MAIN" />
32-->src\main\AndroidManifest.xml:23:17-69
32-->src\main\AndroidManifest.xml:23:25-66
33
34                <category android:name="android.intent.category.LAUNCHER" />
34-->src\main\AndroidManifest.xml:25:17-77
34-->src\main\AndroidManifest.xml:25:27-74
35            </intent-filter>
36        </activity>
37
38        <meta-data
38-->src\main\AndroidManifest.xml:29:9-31:61
39            android:name="preloaded_fonts"
39-->src\main\AndroidManifest.xml:30:17-47
40            android:resource="@array/preloaded_fonts" />
40-->src\main\AndroidManifest.xml:31:17-58
41    </application>
42
43</manifest>